sysbench 1.0.14 (using bundled LuaJIT 2.1.0-beta2)

Running the test with following options:
Number of threads: 4
Report intermediate results every 1 second(s)
Initializing random number generator from current time


Prime numbers limit: 20000

Initializing worker threads...

Threads started!

[ 1s ] thds: 4 eps: 1676.21 lat (ms,95%): 2.76
[ 2s ] thds: 4 eps: 1688.38 lat (ms,95%): 2.71
[ 3s ] thds: 4 eps: 1699.10 lat (ms,95%): 2.52
[ 4s ] thds: 4 eps: 1692.17 lat (ms,95%): 2.76
[ 5s ] thds: 4 eps: 1686.91 lat (ms,95%): 2.76
[ 6s ] thds: 4 eps: 1706.09 lat (ms,95%): 2.48
[ 7s ] thds: 4 eps: 1675.93 lat (ms,95%): 2.76
[ 8s ] thds: 4 eps: 1676.06 lat (ms,95%): 2.76
[ 9s ] thds: 4 eps: 1698.96 lat (ms,95%): 2.48
[ 10s ] thds: 4 eps: 1701.01 lat (ms,95%): 2.52
[ 11s ] thds: 4 eps: 1689.98 lat (ms,95%): 2.71
[ 12s ] thds: 4 eps: 1690.02 lat (ms,95%): 2.76
[ 13s ] thds: 4 eps: 1710.94 lat (ms,95%): 2.39
[ 14s ] thds: 4 eps: 1712.08 lat (ms,95%): 2.39
[ 15s ] thds: 4 eps: 1552.68 lat (ms,95%): 3.75
[ 16s ] thds: 4 eps: 1042.86 lat (ms,95%): 14.21
[ 17s ] thds: 4 eps: 815.98 lat (ms,95%): 14.73
[ 18s ] thds: 4 eps: 854.04 lat (ms,95%): 14.21
[ 19s ] thds: 4 eps: 845.79 lat (ms,95%): 14.46
[ 20s ] thds: 4 eps: 835.07 lat (ms,95%): 14.46
[ 21s ] thds: 4 eps: 845.03 lat (ms,95%): 14.46
[ 22s ] thds: 4 eps: 833.11 lat (ms,95%): 14.46
[ 23s ] thds: 4 eps: 825.02 lat (ms,95%): 14.46
[ 24s ] thds: 4 eps: 848.96 lat (ms,95%): 14.46
[ 25s ] thds: 4 eps: 836.75 lat (ms,95%): 14.46
[ 26s ] thds: 4 eps: 855.21 lat (ms,95%): 14.46
[ 27s ] thds: 4 eps: 853.05 lat (ms,95%): 14.46
[ 28s ] thds: 4 eps: 842.92 lat (ms,95%): 14.46
[ 29s ] thds: 4 eps: 854.06 lat (ms,95%): 14.46
[ 30s ] thds: 4 eps: 844.02 lat (ms,95%): 14.46
[ 31s ] thds: 4 eps: 853.99 lat (ms,95%): 14.46
[ 32s ] thds: 4 eps: 826.01 lat (ms,95%): 14.46
[ 33s ] thds: 4 eps: 839.99 lat (ms,95%): 14.46
[ 34s ] thds: 4 eps: 846.01 lat (ms,95%): 14.46
[ 35s ] thds: 4 eps: 844.99 lat (ms,95%): 14.46
[ 36s ] thds: 4 eps: 838.01 lat (ms,95%): 14.46
[ 37s ] thds: 4 eps: 853.97 lat (ms,95%): 14.46
[ 38s ] thds: 4 eps: 852.02 lat (ms,95%): 14.46
[ 39s ] thds: 4 eps: 846.01 lat (ms,95%): 14.46
[ 40s ] thds: 4 eps: 850.00 lat (ms,95%): 14.46
[ 41s ] thds: 4 eps: 853.99 lat (ms,95%): 14.21
[ 42s ] thds: 4 eps: 847.01 lat (ms,95%): 14.46
[ 43s ] thds: 4 eps: 843.99 lat (ms,95%): 14.46
[ 44s ] thds: 4 eps: 834.01 lat (ms,95%): 14.46
[ 45s ] thds: 4 eps: 832.99 lat (ms,95%): 14.46
[ 46s ] thds: 4 eps: 846.02 lat (ms,95%): 14.46
[ 47s ] thds: 4 eps: 831.77 lat (ms,95%): 14.46
[ 48s ] thds: 4 eps: 825.21 lat (ms,95%): 14.46
[ 49s ] thds: 4 eps: 835.93 lat (ms,95%): 14.46
[ 50s ] thds: 4 eps: 850.08 lat (ms,95%): 14.46
[ 51s ] thds: 4 eps: 849.99 lat (ms,95%): 14.46
[ 52s ] thds: 4 eps: 852.98 lat (ms,95%): 14.46
[ 53s ] thds: 4 eps: 830.88 lat (ms,95%): 14.46
[ 54s ] thds: 4 eps: 838.12 lat (ms,95%): 14.46
[ 55s ] thds: 4 eps: 841.88 lat (ms,95%): 14.46
[ 56s ] thds: 4 eps: 836.12 lat (ms,95%): 14.46
[ 57s ] thds: 4 eps: 840.99 lat (ms,95%): 14.46
[ 58s ] thds: 4 eps: 848.93 lat (ms,95%): 14.46
[ 59s ] thds: 4 eps: 845.07 lat (ms,95%): 14.46
CPU speed:
    events per second:  1056.48

General statistics:
    total time:                          60.0036s
    total number of events:              63394

Latency (ms):
         min:                                    0.00
         avg:                                    3.78
         max:                                   30.33
         95th percentile:                       14.46
         sum:                               239706.99

Threads fairness:
    events (avg/stddev):           15848.5000/49.32
    execution time (avg/stddev):   59.9267/0.03

sysbench 1.0.14 (using bundled LuaJIT 2.1.0-beta2)

Running the test with following options:
Number of threads: 4
Report intermediate results every 1 second(s)
Initializing random number generator from current time


Prime numbers limit: 20000

Initializing worker threads...

Threads started!

[ 1s ] thds: 4 eps: 1675.09 lat (ms,95%): 2.66
[ 2s ] thds: 4 eps: 1691.12 lat (ms,95%): 2.48
[ 3s ] thds: 4 eps: 1677.40 lat (ms,95%): 2.76
[ 4s ] thds: 4 eps: 1635.01 lat (ms,95%): 3.02
[ 5s ] thds: 4 eps: 1685.87 lat (ms,95%): 2.57
[ 6s ] thds: 4 eps: 1672.12 lat (ms,95%): 2.76
[ 7s ] thds: 4 eps: 1662.02 lat (ms,95%): 2.97
[ 8s ] thds: 4 eps: 1708.00 lat (ms,95%): 2.39
[ 9s ] thds: 4 eps: 1696.88 lat (ms,95%): 2.48
[ 10s ] thds: 4 eps: 1708.10 lat (ms,95%): 2.39
[ 11s ] thds: 4 eps: 1707.01 lat (ms,95%): 2.39
[ 12s ] thds: 4 eps: 1689.00 lat (ms,95%): 2.66
[ 13s ] thds: 4 eps: 1688.90 lat (ms,95%): 2.76
[ 14s ] thds: 4 eps: 1708.09 lat (ms,95%): 2.39
[ 15s ] thds: 4 eps: 1541.96 lat (ms,95%): 3.82
[ 16s ] thds: 4 eps: 991.36 lat (ms,95%): 14.46
[ 17s ] thds: 4 eps: 846.96 lat (ms,95%): 14.46
[ 18s ] thds: 4 eps: 858.02 lat (ms,95%): 14.46
[ 19s ] thds: 4 eps: 855.01 lat (ms,95%): 14.46
[ 20s ] thds: 4 eps: 846.99 lat (ms,95%): 14.46
[ 21s ] thds: 4 eps: 846.96 lat (ms,95%): 14.46
[ 22s ] thds: 4 eps: 854.04 lat (ms,95%): 14.46
[ 23s ] thds: 4 eps: 848.01 lat (ms,95%): 14.46
[ 24s ] thds: 4 eps: 855.01 lat (ms,95%): 14.46
[ 25s ] thds: 4 eps: 854.96 lat (ms,95%): 14.46
[ 26s ] thds: 4 eps: 852.87 lat (ms,95%): 14.46
[ 27s ] thds: 4 eps: 850.17 lat (ms,95%): 14.46
[ 28s ] thds: 4 eps: 843.98 lat (ms,95%): 14.46
[ 29s ] thds: 4 eps: 857.00 lat (ms,95%): 14.46
[ 30s ] thds: 4 eps: 842.59 lat (ms,95%): 14.46
[ 31s ] thds: 4 eps: 857.41 lat (ms,95%): 14.46
[ 32s ] thds: 4 eps: 820.00 lat (ms,95%): 14.46
[ 33s ] thds: 4 eps: 849.98 lat (ms,95%): 14.46
[ 34s ] thds: 4 eps: 856.02 lat (ms,95%): 14.46
[ 35s ] thds: 4 eps: 850.02 lat (ms,95%): 14.46
[ 36s ] thds: 4 eps: 843.98 lat (ms,95%): 14.46
[ 37s ] thds: 4 eps: 845.99 lat (ms,95%): 14.46
[ 38s ] thds: 4 eps: 836.00 lat (ms,95%): 14.46
[ 39s ] thds: 4 eps: 805.01 lat (ms,95%): 14.73
[ 40s ] thds: 4 eps: 819.01 lat (ms,95%): 14.46
[ 41s ] thds: 4 eps: 846.05 lat (ms,95%): 14.46
[ 42s ] thds: 4 eps: 846.38 lat (ms,95%): 14.46
[ 43s ] thds: 4 eps: 850.56 lat (ms,95%): 14.46
[ 44s ] thds: 4 eps: 843.01 lat (ms,95%): 14.46
[ 45s ] thds: 4 eps: 847.96 lat (ms,95%): 14.46
[ 46s ] thds: 4 eps: 846.03 lat (ms,95%): 14.46
[ 47s ] thds: 4 eps: 854.98 lat (ms,95%): 14.46
[ 48s ] thds: 4 eps: 856.02 lat (ms,95%): 14.46
[ 49s ] thds: 4 eps: 847.98 lat (ms,95%): 14.46
[ 50s ] thds: 4 eps: 852.00 lat (ms,95%): 14.46
[ 51s ] thds: 4 eps: 836.01 lat (ms,95%): 14.46
[ 52s ] thds: 4 eps: 831.02 lat (ms,95%): 14.46
[ 53s ] thds: 4 eps: 852.99 lat (ms,95%): 14.46
[ 54s ] thds: 4 eps: 849.01 lat (ms,95%): 14.46
[ 55s ] thds: 4 eps: 852.99 lat (ms,95%): 14.46
[ 56s ] thds: 4 eps: 852.02 lat (ms,95%): 14.46
[ 57s ] thds: 4 eps: 846.05 lat (ms,95%): 14.46
[ 58s ] thds: 4 eps: 842.20 lat (ms,95%): 14.46
[ 59s ] thds: 4 eps: 854.75 lat (ms,95%): 14.46
CPU speed:
    events per second:  1056.63

General statistics:
    total time:                          60.0048s
    total number of events:              63404

Latency (ms):
         min:                                    0.00
         avg:                                    3.78
         max:                                   34.35
         95th percentile:                       14.21
         sum:                               239807.28

Threads fairness:
    events (avg/stddev):           15851.0000/57.11
    execution time (avg/stddev):   59.9518/0.01

sysbench 1.0.14 (using bundled LuaJIT 2.1.0-beta2)

Running the test with following options:
Number of threads: 4
Report intermediate results every 1 second(s)
Initializing random number generator from current time


Prime numbers limit: 20000

Initializing worker threads...

Threads started!

[ 1s ] thds: 4 eps: 1666.25 lat (ms,95%): 2.76
[ 2s ] thds: 4 eps: 1688.19 lat (ms,95%): 2.76
[ 3s ] thds: 4 eps: 1712.30 lat (ms,95%): 2.35
[ 4s ] thds: 4 eps: 1699.01 lat (ms,95%): 2.57
[ 5s ] thds: 4 eps: 1719.92 lat (ms,95%): 2.35
[ 6s ] thds: 4 eps: 1702.07 lat (ms,95%): 2.48
[ 7s ] thds: 4 eps: 1700.93 lat (ms,95%): 2.48
[ 8s ] thds: 4 eps: 1684.85 lat (ms,95%): 2.76
[ 9s ] thds: 4 eps: 1714.13 lat (ms,95%): 2.35
[ 10s ] thds: 4 eps: 1712.09 lat (ms,95%): 2.39
[ 11s ] thds: 4 eps: 1713.99 lat (ms,95%): 2.35
[ 12s ] thds: 4 eps: 1685.97 lat (ms,95%): 2.81
[ 13s ] thds: 4 eps: 1714.96 lat (ms,95%): 2.39
[ 14s ] thds: 4 eps: 1696.05 lat (ms,95%): 2.71
[ 15s ] thds: 4 eps: 1457.55 lat (ms,95%): 4.41
[ 16s ] thds: 4 eps: 875.09 lat (ms,95%): 14.46
[ 17s ] thds: 4 eps: 855.30 lat (ms,95%): 14.46
[ 18s ] thds: 4 eps: 854.05 lat (ms,95%): 14.46
[ 19s ] thds: 4 eps: 854.00 lat (ms,95%): 14.46
[ 20s ] thds: 4 eps: 856.00 lat (ms,95%): 14.46
[ 21s ] thds: 4 eps: 838.94 lat (ms,95%): 14.46
[ 22s ] thds: 4 eps: 830.05 lat (ms,95%): 14.46
[ 23s ] thds: 4 eps: 856.01 lat (ms,95%): 14.46
[ 24s ] thds: 4 eps: 847.01 lat (ms,95%): 14.46
[ 25s ] thds: 4 eps: 851.97 lat (ms,95%): 14.46
[ 26s ] thds: 4 eps: 848.03 lat (ms,95%): 14.46
[ 27s ] thds: 4 eps: 856.00 lat (ms,95%): 14.21
[ 28s ] thds: 4 eps: 844.00 lat (ms,95%): 14.46
[ 29s ] thds: 4 eps: 845.97 lat (ms,95%): 14.46
[ 30s ] thds: 4 eps: 847.02 lat (ms,95%): 14.46
[ 31s ] thds: 4 eps: 857.02 lat (ms,95%): 14.46
[ 32s ] thds: 4 eps: 846.99 lat (ms,95%): 14.46
[ 33s ] thds: 4 eps: 853.98 lat (ms,95%): 14.21
[ 34s ] thds: 4 eps: 824.73 lat (ms,95%): 14.73
[ 35s ] thds: 4 eps: 825.31 lat (ms,95%): 14.46
[ 36s ] thds: 4 eps: 827.98 lat (ms,95%): 14.46
[ 37s ] thds: 4 eps: 854.99 lat (ms,95%): 14.46
[ 38s ] thds: 4 eps: 853.75 lat (ms,95%): 14.46
[ 39s ] thds: 4 eps: 856.28 lat (ms,95%): 14.21
[ 40s ] thds: 4 eps: 852.99 lat (ms,95%): 14.46
[ 41s ] thds: 4 eps: 852.99 lat (ms,95%): 14.46
[ 42s ] thds: 4 eps: 844.98 lat (ms,95%): 14.46
[ 43s ] thds: 4 eps: 830.04 lat (ms,95%): 14.46
[ 44s ] thds: 4 eps: 823.99 lat (ms,95%): 14.46
[ 45s ] thds: 4 eps: 817.99 lat (ms,95%): 14.46
[ 46s ] thds: 4 eps: 833.03 lat (ms,95%): 14.46
[ 47s ] thds: 4 eps: 850.00 lat (ms,95%): 14.46
[ 48s ] thds: 4 eps: 849.98 lat (ms,95%): 14.46
[ 49s ] thds: 4 eps: 841.21 lat (ms,95%): 14.46
[ 50s ] thds: 4 eps: 843.64 lat (ms,95%): 14.46
[ 51s ] thds: 4 eps: 831.11 lat (ms,95%): 14.46
[ 52s ] thds: 4 eps: 846.02 lat (ms,95%): 14.46
[ 53s ] thds: 4 eps: 847.97 lat (ms,95%): 14.46
[ 54s ] thds: 4 eps: 848.04 lat (ms,95%): 14.46
[ 55s ] thds: 4 eps: 846.00 lat (ms,95%): 14.46
[ 56s ] thds: 4 eps: 850.99 lat (ms,95%): 14.46
[ 57s ] thds: 4 eps: 853.96 lat (ms,95%): 14.46
[ 58s ] thds: 4 eps: 846.05 lat (ms,95%): 14.46
[ 59s ] thds: 4 eps: 847.99 lat (ms,95%): 14.46
CPU speed:
    events per second:  1055.90

General statistics:
    total time:                          60.0024s
    total number of events:              63358

Latency (ms):
         min:                                    0.00
         avg:                                    3.78
         max:                                   44.74
         95th percentile:                       14.46
         sum:                               239754.62

Threads fairness:
    events (avg/stddev):           15839.5000/66.76
    execution time (avg/stddev):   59.9387/0.02

