sysbench 1.0.14 (using bundled LuaJIT 2.1.0-beta2)

Running the test with following options:
Number of threads: 4
Report intermediate results every 1 second(s)
Initializing random number generator from current time


Prime numbers limit: 20000

Initializing worker threads...

Threads started!

[ 1s ] thds: 4 eps: 1432.06 lat (ms,95%): 4.10
[ 2s ] thds: 4 eps: 1564.04 lat (ms,95%): 2.81
[ 3s ] thds: 4 eps: 1494.02 lat (ms,95%): 4.10
[ 4s ] thds: 4 eps: 1480.01 lat (ms,95%): 4.10
[ 5s ] thds: 4 eps: 1452.84 lat (ms,95%): 4.10
[ 6s ] thds: 4 eps: 1433.11 lat (ms,95%): 4.10
[ 7s ] thds: 4 eps: 1433.68 lat (ms,95%): 4.10
[ 8s ] thds: 4 eps: 1432.03 lat (ms,95%): 4.10
[ 9s ] thds: 4 eps: 1420.09 lat (ms,95%): 4.10
[ 10s ] thds: 4 eps: 1447.74 lat (ms,95%): 4.10
[ 11s ] thds: 4 eps: 1606.59 lat (ms,95%): 3.02
[ 12s ] thds: 4 eps: 1539.81 lat (ms,95%): 3.02
[ 13s ] thds: 4 eps: 1532.98 lat (ms,95%): 3.02
[ 14s ] thds: 4 eps: 1567.22 lat (ms,95%): 2.91
[ 15s ] thds: 4 eps: 1232.01 lat (ms,95%): 6.67
[ 16s ] thds: 4 eps: 498.77 lat (ms,95%): 28.16
[ 17s ] thds: 4 eps: 289.14 lat (ms,95%): 42.61
[ 18s ] thds: 4 eps: 209.01 lat (ms,95%): 43.39
[ 19s ] thds: 4 eps: 210.00 lat (ms,95%): 38.94
[ 20s ] thds: 4 eps: 195.38 lat (ms,95%): 38.94
[ 21s ] thds: 4 eps: 170.41 lat (ms,95%): 42.61
[ 22s ] thds: 4 eps: 166.21 lat (ms,95%): 40.37
[ 23s ] thds: 4 eps: 216.69 lat (ms,95%): 42.61
[ 24s ] thds: 4 eps: 231.26 lat (ms,95%): 38.94
[ 25s ] thds: 4 eps: 181.42 lat (ms,95%): 42.61
[ 26s ] thds: 4 eps: 199.75 lat (ms,95%): 42.61
[ 27s ] thds: 4 eps: 199.00 lat (ms,95%): 34.95
[ 28s ] thds: 4 eps: 198.29 lat (ms,95%): 34.95
[ 29s ] thds: 4 eps: 225.90 lat (ms,95%): 38.25
[ 30s ] thds: 4 eps: 212.59 lat (ms,95%): 42.61
[ 31s ] thds: 4 eps: 214.34 lat (ms,95%): 38.94
[ 32s ] thds: 4 eps: 223.73 lat (ms,95%): 42.61
[ 33s ] thds: 4 eps: 247.40 lat (ms,95%): 38.25
[ 34s ] thds: 4 eps: 237.01 lat (ms,95%): 42.61
[ 35s ] thds: 4 eps: 239.59 lat (ms,95%): 38.25
[ 36s ] thds: 4 eps: 238.11 lat (ms,95%): 34.33
[ 37s ] thds: 4 eps: 230.23 lat (ms,95%): 34.95
[ 38s ] thds: 4 eps: 223.87 lat (ms,95%): 34.95
[ 39s ] thds: 4 eps: 244.37 lat (ms,95%): 34.95
[ 40s ] thds: 4 eps: 224.93 lat (ms,95%): 34.95
[ 41s ] thds: 4 eps: 232.80 lat (ms,95%): 34.33
[ 42s ] thds: 4 eps: 246.37 lat (ms,95%): 34.95
[ 43s ] thds: 4 eps: 222.01 lat (ms,95%): 34.95
[ 44s ] thds: 4 eps: 236.70 lat (ms,95%): 38.25
[ 45s ] thds: 4 eps: 237.24 lat (ms,95%): 38.25
[ 46s ] thds: 4 eps: 200.06 lat (ms,95%): 34.95
[ 47s ] thds: 4 eps: 228.81 lat (ms,95%): 34.95
[ 48s ] thds: 4 eps: 224.89 lat (ms,95%): 34.95
[ 49s ] thds: 4 eps: 176.71 lat (ms,95%): 46.63
[ 50s ] thds: 4 eps: 184.00 lat (ms,95%): 40.37
[ 51s ] thds: 4 eps: 219.32 lat (ms,95%): 38.25
[ 52s ] thds: 4 eps: 242.01 lat (ms,95%): 34.33
[ 53s ] thds: 4 eps: 229.84 lat (ms,95%): 34.95
[ 54s ] thds: 4 eps: 231.33 lat (ms,95%): 38.25
[ 55s ] thds: 4 eps: 235.64 lat (ms,95%): 34.33
[ 56s ] thds: 4 eps: 237.04 lat (ms,95%): 34.33
[ 57s ] thds: 4 eps: 237.15 lat (ms,95%): 34.33
[ 58s ] thds: 4 eps: 247.98 lat (ms,95%): 34.33
[ 59s ] thds: 4 eps: 217.65 lat (ms,95%): 46.63
[ 60s ] thds: 4 eps: 165.59 lat (ms,95%): 50.11
CPU speed:
    events per second:   537.50

General statistics:
    total time:                          60.0148s
    total number of events:              32259

Latency (ms):
         min:                                    0.00
         avg:                                    7.43
         max:                                  163.51
         95th percentile:                       34.33
         sum:                               239603.02

Threads fairness:
    events (avg/stddev):           8064.7500/438.87
    execution time (avg/stddev):   59.9008/0.03

sysbench 1.0.14 (using bundled LuaJIT 2.1.0-beta2)

Running the test with following options:
Number of threads: 4
Report intermediate results every 1 second(s)
Initializing random number generator from current time


Prime numbers limit: 20000

Initializing worker threads...

Threads started!

[ 1s ] thds: 4 eps: 1572.64 lat (ms,95%): 3.07
[ 2s ] thds: 4 eps: 1634.53 lat (ms,95%): 3.02
[ 3s ] thds: 4 eps: 1562.44 lat (ms,95%): 2.97
[ 4s ] thds: 4 eps: 1622.52 lat (ms,95%): 2.91
[ 5s ] thds: 4 eps: 1537.59 lat (ms,95%): 4.03
[ 6s ] thds: 4 eps: 1496.37 lat (ms,95%): 4.10
[ 7s ] thds: 4 eps: 1595.87 lat (ms,95%): 3.02
[ 8s ] thds: 4 eps: 1439.20 lat (ms,95%): 4.10
[ 9s ] thds: 4 eps: 1414.74 lat (ms,95%): 4.10
[ 10s ] thds: 4 eps: 1390.26 lat (ms,95%): 4.10
[ 11s ] thds: 4 eps: 1486.86 lat (ms,95%): 4.10
[ 12s ] thds: 4 eps: 1618.16 lat (ms,95%): 3.02
[ 13s ] thds: 4 eps: 1646.65 lat (ms,95%): 2.76
[ 14s ] thds: 4 eps: 1603.36 lat (ms,95%): 2.86
[ 15s ] thds: 4 eps: 1239.66 lat (ms,95%): 7.30
[ 16s ] thds: 4 eps: 432.22 lat (ms,95%): 30.81
[ 17s ] thds: 4 eps: 218.52 lat (ms,95%): 38.94
[ 18s ] thds: 4 eps: 210.79 lat (ms,95%): 38.94
[ 19s ] thds: 4 eps: 211.48 lat (ms,95%): 38.94
[ 20s ] thds: 4 eps: 192.58 lat (ms,95%): 38.94
[ 21s ] thds: 4 eps: 221.96 lat (ms,95%): 38.25
[ 22s ] thds: 4 eps: 241.03 lat (ms,95%): 34.95
[ 23s ] thds: 4 eps: 229.98 lat (ms,95%): 38.25
[ 24s ] thds: 4 eps: 222.99 lat (ms,95%): 42.61
[ 25s ] thds: 4 eps: 224.98 lat (ms,95%): 38.94
[ 26s ] thds: 4 eps: 219.04 lat (ms,95%): 34.95
[ 27s ] thds: 4 eps: 214.96 lat (ms,95%): 34.95
[ 28s ] thds: 4 eps: 205.82 lat (ms,95%): 34.95
[ 29s ] thds: 4 eps: 159.63 lat (ms,95%): 36.24
[ 30s ] thds: 4 eps: 141.14 lat (ms,95%): 40.37
[ 31s ] thds: 4 eps: 142.99 lat (ms,95%): 44.17
[ 32s ] thds: 4 eps: 152.60 lat (ms,95%): 44.17
[ 33s ] thds: 4 eps: 142.70 lat (ms,95%): 48.34
[ 34s ] thds: 4 eps: 208.01 lat (ms,95%): 36.24
[ 35s ] thds: 4 eps: 164.06 lat (ms,95%): 36.24
[ 36s ] thds: 4 eps: 141.67 lat (ms,95%): 36.24
[ 37s ] thds: 4 eps: 187.00 lat (ms,95%): 39.65
[ 38s ] thds: 4 eps: 201.13 lat (ms,95%): 38.94
[ 39s ] thds: 4 eps: 233.27 lat (ms,95%): 38.94
[ 40s ] thds: 4 eps: 219.51 lat (ms,95%): 38.25
[ 41s ] thds: 4 eps: 158.00 lat (ms,95%): 44.17
[ 42s ] thds: 4 eps: 204.55 lat (ms,95%): 40.37
[ 43s ] thds: 4 eps: 234.78 lat (ms,95%): 34.33
[ 44s ] thds: 4 eps: 218.41 lat (ms,95%): 38.94
[ 45s ] thds: 4 eps: 215.58 lat (ms,95%): 42.61
[ 46s ] thds: 4 eps: 208.01 lat (ms,95%): 38.94
[ 47s ] thds: 4 eps: 205.00 lat (ms,95%): 42.61
[ 48s ] thds: 4 eps: 215.97 lat (ms,95%): 42.61
[ 49s ] thds: 4 eps: 219.37 lat (ms,95%): 34.95
[ 50s ] thds: 4 eps: 220.66 lat (ms,95%): 34.95
[ 51s ] thds: 4 eps: 202.99 lat (ms,95%): 38.25
[ 52s ] thds: 4 eps: 218.13 lat (ms,95%): 38.25
[ 53s ] thds: 4 eps: 190.24 lat (ms,95%): 38.94
[ 54s ] thds: 4 eps: 173.37 lat (ms,95%): 46.63
[ 55s ] thds: 4 eps: 213.02 lat (ms,95%): 38.94
[ 56s ] thds: 4 eps: 207.00 lat (ms,95%): 42.61
[ 57s ] thds: 4 eps: 223.99 lat (ms,95%): 34.95
[ 58s ] thds: 4 eps: 230.99 lat (ms,95%): 34.95
[ 59s ] thds: 4 eps: 234.02 lat (ms,95%): 36.89
[ 60s ] thds: 4 eps: 211.95 lat (ms,95%): 34.95
CPU speed:
    events per second:   536.96

General statistics:
    total time:                          60.0252s
    total number of events:              32232

Latency (ms):
         min:                                    0.00
         avg:                                    7.43
         max:                                  121.45
         95th percentile:                       34.33
         sum:                               239526.57

Threads fairness:
    events (avg/stddev):           8058.0000/307.91
    execution time (avg/stddev):   59.8816/0.04

sysbench 1.0.14 (using bundled LuaJIT 2.1.0-beta2)

Running the test with following options:
Number of threads: 4
Report intermediate results every 1 second(s)
Initializing random number generator from current time


Prime numbers limit: 20000

Initializing worker threads...

Threads started!

[ 1s ] thds: 4 eps: 1448.90 lat (ms,95%): 3.07
[ 2s ] thds: 4 eps: 1487.41 lat (ms,95%): 3.02
[ 3s ] thds: 4 eps: 1463.72 lat (ms,95%): 3.02
[ 4s ] thds: 4 eps: 1467.17 lat (ms,95%): 3.02
[ 5s ] thds: 4 eps: 1485.10 lat (ms,95%): 3.02
[ 6s ] thds: 4 eps: 1482.03 lat (ms,95%): 3.02
[ 7s ] thds: 4 eps: 1487.89 lat (ms,95%): 3.07
[ 8s ] thds: 4 eps: 1570.06 lat (ms,95%): 3.07
[ 9s ] thds: 4 eps: 1581.98 lat (ms,95%): 3.02
[ 10s ] thds: 4 eps: 1478.09 lat (ms,95%): 4.10
[ 11s ] thds: 4 eps: 1412.09 lat (ms,95%): 4.10
[ 12s ] thds: 4 eps: 1381.96 lat (ms,95%): 4.10
[ 13s ] thds: 4 eps: 1412.82 lat (ms,95%): 4.10
[ 14s ] thds: 4 eps: 1368.18 lat (ms,95%): 4.10
[ 15s ] thds: 4 eps: 1001.19 lat (ms,95%): 10.46
[ 16s ] thds: 4 eps: 347.19 lat (ms,95%): 34.95
[ 17s ] thds: 4 eps: 211.44 lat (ms,95%): 50.11
[ 18s ] thds: 4 eps: 230.00 lat (ms,95%): 38.25
[ 19s ] thds: 4 eps: 231.00 lat (ms,95%): 38.25
[ 20s ] thds: 4 eps: 243.99 lat (ms,95%): 34.95
[ 21s ] thds: 4 eps: 214.02 lat (ms,95%): 38.94
[ 22s ] thds: 4 eps: 215.99 lat (ms,95%): 39.65
[ 23s ] thds: 4 eps: 210.01 lat (ms,95%): 38.25
[ 24s ] thds: 4 eps: 217.01 lat (ms,95%): 38.94
[ 25s ] thds: 4 eps: 212.93 lat (ms,95%): 34.95
[ 26s ] thds: 4 eps: 208.06 lat (ms,95%): 34.95
[ 27s ] thds: 4 eps: 222.01 lat (ms,95%): 36.24
[ 28s ] thds: 4 eps: 185.94 lat (ms,95%): 46.63
[ 29s ] thds: 4 eps: 197.07 lat (ms,95%): 40.37
[ 30s ] thds: 4 eps: 214.42 lat (ms,95%): 40.37
[ 31s ] thds: 4 eps: 203.44 lat (ms,95%): 44.17
[ 32s ] thds: 4 eps: 217.00 lat (ms,95%): 38.94
[ 33s ] thds: 4 eps: 216.00 lat (ms,95%): 39.65
[ 34s ] thds: 4 eps: 242.97 lat (ms,95%): 38.25
[ 35s ] thds: 4 eps: 222.00 lat (ms,95%): 38.25
[ 36s ] thds: 4 eps: 211.03 lat (ms,95%): 42.61
[ 37s ] thds: 4 eps: 192.97 lat (ms,95%): 42.61
[ 38s ] thds: 4 eps: 241.10 lat (ms,95%): 35.59
[ 39s ] thds: 4 eps: 210.83 lat (ms,95%): 38.94
[ 40s ] thds: 4 eps: 233.77 lat (ms,95%): 34.95
[ 41s ] thds: 4 eps: 203.29 lat (ms,95%): 38.94
[ 42s ] thds: 4 eps: 241.00 lat (ms,95%): 34.33
[ 43s ] thds: 4 eps: 227.08 lat (ms,95%): 42.61
[ 44s ] thds: 4 eps: 230.21 lat (ms,95%): 38.94
[ 45s ] thds: 4 eps: 231.24 lat (ms,95%): 34.95
[ 46s ] thds: 4 eps: 223.37 lat (ms,95%): 38.25
[ 47s ] thds: 4 eps: 233.14 lat (ms,95%): 34.95
[ 48s ] thds: 4 eps: 222.78 lat (ms,95%): 38.25
[ 49s ] thds: 4 eps: 241.06 lat (ms,95%): 38.94
[ 50s ] thds: 4 eps: 249.97 lat (ms,95%): 38.25
[ 51s ] thds: 4 eps: 237.17 lat (ms,95%): 38.25
[ 52s ] thds: 4 eps: 228.37 lat (ms,95%): 38.94
[ 53s ] thds: 4 eps: 208.21 lat (ms,95%): 41.85
[ 54s ] thds: 4 eps: 216.01 lat (ms,95%): 38.25
[ 55s ] thds: 4 eps: 246.00 lat (ms,95%): 38.25
[ 56s ] thds: 4 eps: 222.85 lat (ms,95%): 42.61
[ 57s ] thds: 4 eps: 242.09 lat (ms,95%): 39.65
[ 58s ] thds: 4 eps: 247.97 lat (ms,95%): 38.25
[ 59s ] thds: 4 eps: 225.05 lat (ms,95%): 42.61
[ 60s ] thds: 2 eps: 225.07 lat (ms,95%): 38.25
CPU speed:
    events per second:   528.14

General statistics:
    total time:                          60.0129s
    total number of events:              31696

Latency (ms):
         min:                                    0.00
         avg:                                    7.56
         max:                                  118.62
         95th percentile:                       34.33
         sum:                               239641.55

Threads fairness:
    events (avg/stddev):           7924.0000/269.55
    execution time (avg/stddev):   59.9104/0.02

