sysbench 1.0.14 (using bundled LuaJIT 2.1.0-beta2)

Running the test with following options:
Number of threads: 4
Report intermediate results every 1 second(s)
Initializing random number generator from current time


Prime numbers limit: 20000

Initializing worker threads...

Threads started!

[ 1s ] thds: 4 eps: 1685.30 lat (ms,95%): 2.61
[ 2s ] thds: 4 eps: 1697.37 lat (ms,95%): 2.52
[ 3s ] thds: 4 eps: 1704.03 lat (ms,95%): 2.43
[ 4s ] thds: 4 eps: 1692.98 lat (ms,95%): 2.43
[ 5s ] thds: 4 eps: 1679.97 lat (ms,95%): 2.76
[ 6s ] thds: 4 eps: 1688.18 lat (ms,95%): 2.76
[ 7s ] thds: 4 eps: 1694.94 lat (ms,95%): 2.52
[ 8s ] thds: 4 eps: 1705.06 lat (ms,95%): 2.43
[ 9s ] thds: 4 eps: 1705.92 lat (ms,95%): 2.43
[ 10s ] thds: 4 eps: 1695.07 lat (ms,95%): 2.48
[ 11s ] thds: 4 eps: 1694.04 lat (ms,95%): 2.48
[ 12s ] thds: 4 eps: 1670.96 lat (ms,95%): 2.81
[ 13s ] thds: 4 eps: 1706.01 lat (ms,95%): 2.43
[ 14s ] thds: 4 eps: 1683.85 lat (ms,95%): 2.71
[ 15s ] thds: 4 eps: 1679.00 lat (ms,95%): 2.61
[ 16s ] thds: 4 eps: 1691.00 lat (ms,95%): 2.52
[ 17s ] thds: 4 eps: 1693.83 lat (ms,95%): 2.43
[ 18s ] thds: 4 eps: 1689.16 lat (ms,95%): 2.66
[ 19s ] thds: 4 eps: 1689.80 lat (ms,95%): 2.61
[ 20s ] thds: 4 eps: 1643.03 lat (ms,95%): 2.81
[ 21s ] thds: 4 eps: 1677.16 lat (ms,95%): 2.81
[ 22s ] thds: 4 eps: 1671.83 lat (ms,95%): 2.76
[ 23s ] thds: 4 eps: 1692.18 lat (ms,95%): 2.66
[ 24s ] thds: 4 eps: 1695.00 lat (ms,95%): 2.71
[ 25s ] thds: 4 eps: 1696.93 lat (ms,95%): 2.61
[ 26s ] thds: 4 eps: 1674.08 lat (ms,95%): 2.81
[ 27s ] thds: 4 eps: 1688.83 lat (ms,95%): 2.71
[ 28s ] thds: 4 eps: 1696.36 lat (ms,95%): 2.66
[ 29s ] thds: 4 eps: 1649.91 lat (ms,95%): 2.76
[ 30s ] thds: 4 eps: 1696.07 lat (ms,95%): 2.48
[ 31s ] thds: 4 eps: 1694.99 lat (ms,95%): 2.61
[ 32s ] thds: 4 eps: 1676.01 lat (ms,95%): 2.81
[ 33s ] thds: 4 eps: 1691.78 lat (ms,95%): 2.66
[ 34s ] thds: 4 eps: 1688.06 lat (ms,95%): 2.66
[ 35s ] thds: 4 eps: 1665.98 lat (ms,95%): 2.71
[ 36s ] thds: 4 eps: 1677.18 lat (ms,95%): 2.81
[ 37s ] thds: 4 eps: 1685.91 lat (ms,95%): 2.71
[ 38s ] thds: 4 eps: 1684.05 lat (ms,95%): 2.66
[ 39s ] thds: 4 eps: 1682.03 lat (ms,95%): 2.76
[ 40s ] thds: 4 eps: 1662.02 lat (ms,95%): 2.81
[ 41s ] thds: 4 eps: 1643.91 lat (ms,95%): 2.86
[ 42s ] thds: 4 eps: 1704.99 lat (ms,95%): 2.57
[ 43s ] thds: 4 eps: 1700.09 lat (ms,95%): 2.61
[ 44s ] thds: 4 eps: 1663.95 lat (ms,95%): 2.81
[ 45s ] thds: 4 eps: 1674.97 lat (ms,95%): 2.76
[ 46s ] thds: 4 eps: 1686.09 lat (ms,95%): 2.76
[ 47s ] thds: 4 eps: 1701.97 lat (ms,95%): 2.52
[ 48s ] thds: 4 eps: 1675.99 lat (ms,95%): 2.91
[ 49s ] thds: 4 eps: 1678.78 lat (ms,95%): 2.66
[ 50s ] thds: 4 eps: 1666.57 lat (ms,95%): 2.76
[ 51s ] thds: 4 eps: 1671.54 lat (ms,95%): 2.71
[ 52s ] thds: 4 eps: 1677.18 lat (ms,95%): 2.71
[ 53s ] thds: 4 eps: 1671.88 lat (ms,95%): 2.71
[ 54s ] thds: 4 eps: 1676.69 lat (ms,95%): 2.71
[ 55s ] thds: 4 eps: 1665.39 lat (ms,95%): 2.81
[ 56s ] thds: 4 eps: 1651.97 lat (ms,95%): 2.81
[ 57s ] thds: 4 eps: 1658.96 lat (ms,95%): 2.86
[ 58s ] thds: 4 eps: 1694.02 lat (ms,95%): 2.66
[ 59s ] thds: 4 eps: 1676.01 lat (ms,95%): 2.81
CPU speed:
    events per second:  1682.57

General statistics:
    total time:                          60.0027s
    total number of events:              100961

Latency (ms):
         min:                                    0.00
         avg:                                    2.37
         max:                                   13.07
         95th percentile:                        2.71
         sum:                               239772.16

Threads fairness:
    events (avg/stddev):           25240.2500/48.64
    execution time (avg/stddev):   59.9430/0.00

sysbench 1.0.14 (using bundled LuaJIT 2.1.0-beta2)

Running the test with following options:
Number of threads: 4
Report intermediate results every 1 second(s)
Initializing random number generator from current time


Prime numbers limit: 20000

Initializing worker threads...

Threads started!

[ 1s ] thds: 4 eps: 1670.28 lat (ms,95%): 2.76
[ 2s ] thds: 4 eps: 1697.45 lat (ms,95%): 2.66
[ 3s ] thds: 4 eps: 1667.71 lat (ms,95%): 2.81
[ 4s ] thds: 4 eps: 1670.30 lat (ms,95%): 2.81
[ 5s ] thds: 4 eps: 1710.92 lat (ms,95%): 2.43
[ 6s ] thds: 4 eps: 1691.05 lat (ms,95%): 2.81
[ 7s ] thds: 4 eps: 1689.87 lat (ms,95%): 2.76
[ 8s ] thds: 4 eps: 1700.37 lat (ms,95%): 2.52
[ 9s ] thds: 4 eps: 1707.69 lat (ms,95%): 2.39
[ 10s ] thds: 4 eps: 1678.29 lat (ms,95%): 2.97
[ 11s ] thds: 4 eps: 1677.55 lat (ms,95%): 2.76
[ 12s ] thds: 4 eps: 1654.25 lat (ms,95%): 2.81
[ 13s ] thds: 4 eps: 1676.97 lat (ms,95%): 2.71
[ 14s ] thds: 4 eps: 1702.07 lat (ms,95%): 2.66
[ 15s ] thds: 4 eps: 1703.98 lat (ms,95%): 2.43
[ 16s ] thds: 4 eps: 1670.70 lat (ms,95%): 2.81
[ 17s ] thds: 4 eps: 1654.36 lat (ms,95%): 2.81
[ 18s ] thds: 4 eps: 1677.92 lat (ms,95%): 2.76
[ 19s ] thds: 4 eps: 1683.48 lat (ms,95%): 2.76
[ 20s ] thds: 4 eps: 1684.51 lat (ms,95%): 2.71
[ 21s ] thds: 4 eps: 1683.95 lat (ms,95%): 2.71
[ 22s ] thds: 4 eps: 1685.06 lat (ms,95%): 2.66
[ 23s ] thds: 4 eps: 1657.03 lat (ms,95%): 2.81
[ 24s ] thds: 4 eps: 1663.97 lat (ms,95%): 2.71
[ 25s ] thds: 4 eps: 1692.95 lat (ms,95%): 2.61
[ 26s ] thds: 4 eps: 1693.08 lat (ms,95%): 2.61
[ 27s ] thds: 4 eps: 1693.95 lat (ms,95%): 2.61
[ 28s ] thds: 4 eps: 1673.01 lat (ms,95%): 2.81
[ 29s ] thds: 4 eps: 1685.98 lat (ms,95%): 2.81
[ 30s ] thds: 4 eps: 1707.10 lat (ms,95%): 2.43
[ 31s ] thds: 4 eps: 1680.91 lat (ms,95%): 2.71
[ 32s ] thds: 4 eps: 1690.97 lat (ms,95%): 2.66
[ 33s ] thds: 4 eps: 1685.93 lat (ms,95%): 2.71
[ 34s ] thds: 4 eps: 1673.08 lat (ms,95%): 2.76
[ 35s ] thds: 4 eps: 1694.99 lat (ms,95%): 2.57
[ 36s ] thds: 4 eps: 1691.02 lat (ms,95%): 2.71
[ 37s ] thds: 4 eps: 1679.94 lat (ms,95%): 2.71
[ 38s ] thds: 4 eps: 1701.06 lat (ms,95%): 2.48
[ 39s ] thds: 4 eps: 1707.01 lat (ms,95%): 2.52
[ 40s ] thds: 4 eps: 1704.99 lat (ms,95%): 2.66
[ 41s ] thds: 4 eps: 1702.01 lat (ms,95%): 2.43
[ 42s ] thds: 4 eps: 1698.00 lat (ms,95%): 2.57
[ 43s ] thds: 4 eps: 1682.80 lat (ms,95%): 2.61
[ 44s ] thds: 4 eps: 1692.45 lat (ms,95%): 2.71
[ 45s ] thds: 4 eps: 1674.67 lat (ms,95%): 2.76
[ 46s ] thds: 4 eps: 1684.69 lat (ms,95%): 2.71
[ 47s ] thds: 4 eps: 1697.36 lat (ms,95%): 2.57
[ 48s ] thds: 4 eps: 1671.93 lat (ms,95%): 2.76
[ 49s ] thds: 4 eps: 1659.99 lat (ms,95%): 2.81
[ 50s ] thds: 4 eps: 1673.68 lat (ms,95%): 2.86
[ 51s ] thds: 4 eps: 1673.41 lat (ms,95%): 2.81
[ 52s ] thds: 4 eps: 1696.72 lat (ms,95%): 2.81
[ 53s ] thds: 4 eps: 1682.21 lat (ms,95%): 2.76
[ 54s ] thds: 4 eps: 1665.06 lat (ms,95%): 2.81
[ 55s ] thds: 4 eps: 1688.99 lat (ms,95%): 2.71
[ 56s ] thds: 4 eps: 1702.93 lat (ms,95%): 2.48
[ 57s ] thds: 4 eps: 1698.00 lat (ms,95%): 2.61
[ 58s ] thds: 4 eps: 1689.29 lat (ms,95%): 2.76
[ 59s ] thds: 4 eps: 1699.80 lat (ms,95%): 2.57
[ 60s ] thds: 4 eps: 1704.97 lat (ms,95%): 2.43
CPU speed:
    events per second:  1685.91

General statistics:
    total time:                          60.0025s
    total number of events:              101161

Latency (ms):
         min:                                    0.00
         avg:                                    2.37
         max:                                   12.39
         95th percentile:                        2.71
         sum:                               239793.82

Threads fairness:
    events (avg/stddev):           25290.2500/13.97
    execution time (avg/stddev):   59.9485/0.00

sysbench 1.0.14 (using bundled LuaJIT 2.1.0-beta2)

Running the test with following options:
Number of threads: 4
Report intermediate results every 1 second(s)
Initializing random number generator from current time


Prime numbers limit: 20000

Initializing worker threads...

Threads started!

[ 1s ] thds: 4 eps: 1610.35 lat (ms,95%): 2.91
[ 2s ] thds: 4 eps: 1684.14 lat (ms,95%): 2.76
[ 3s ] thds: 4 eps: 1688.47 lat (ms,95%): 2.66
[ 4s ] thds: 4 eps: 1690.95 lat (ms,95%): 2.81
[ 5s ] thds: 4 eps: 1706.94 lat (ms,95%): 2.48
[ 6s ] thds: 4 eps: 1681.05 lat (ms,95%): 2.81
[ 7s ] thds: 4 eps: 1701.01 lat (ms,95%): 2.48
[ 8s ] thds: 4 eps: 1688.97 lat (ms,95%): 2.76
[ 9s ] thds: 4 eps: 1697.93 lat (ms,95%): 2.61
[ 10s ] thds: 4 eps: 1681.89 lat (ms,95%): 2.71
[ 11s ] thds: 4 eps: 1624.38 lat (ms,95%): 2.86
[ 12s ] thds: 4 eps: 1664.79 lat (ms,95%): 2.76
[ 13s ] thds: 4 eps: 1687.71 lat (ms,95%): 2.66
[ 14s ] thds: 4 eps: 1666.30 lat (ms,95%): 2.81
[ 15s ] thds: 4 eps: 1647.75 lat (ms,95%): 2.86
[ 16s ] thds: 4 eps: 1659.25 lat (ms,95%): 2.81
[ 17s ] thds: 4 eps: 1700.94 lat (ms,95%): 2.52
[ 18s ] thds: 4 eps: 1674.02 lat (ms,95%): 2.71
[ 19s ] thds: 4 eps: 1691.05 lat (ms,95%): 2.61
[ 20s ] thds: 4 eps: 1674.92 lat (ms,95%): 2.76
[ 21s ] thds: 4 eps: 1676.12 lat (ms,95%): 2.76
[ 22s ] thds: 4 eps: 1694.80 lat (ms,95%): 2.61
[ 23s ] thds: 4 eps: 1685.01 lat (ms,95%): 2.66
[ 24s ] thds: 4 eps: 1700.04 lat (ms,95%): 2.52
[ 25s ] thds: 4 eps: 1691.87 lat (ms,95%): 2.71
[ 26s ] thds: 4 eps: 1688.25 lat (ms,95%): 2.57
[ 27s ] thds: 4 eps: 1660.88 lat (ms,95%): 2.81
[ 28s ] thds: 4 eps: 1684.05 lat (ms,95%): 2.76
[ 29s ] thds: 4 eps: 1677.03 lat (ms,95%): 2.76
[ 30s ] thds: 4 eps: 1683.01 lat (ms,95%): 2.76
[ 31s ] thds: 4 eps: 1681.00 lat (ms,95%): 2.66
[ 32s ] thds: 4 eps: 1685.99 lat (ms,95%): 2.71
[ 33s ] thds: 4 eps: 1694.92 lat (ms,95%): 2.66
[ 34s ] thds: 4 eps: 1683.08 lat (ms,95%): 2.71
[ 35s ] thds: 4 eps: 1651.03 lat (ms,95%): 2.91
[ 36s ] thds: 4 eps: 1700.99 lat (ms,95%): 2.52
[ 37s ] thds: 4 eps: 1687.88 lat (ms,95%): 2.66
[ 38s ] thds: 4 eps: 1672.10 lat (ms,95%): 2.86
[ 39s ] thds: 4 eps: 1693.99 lat (ms,95%): 2.66
[ 40s ] thds: 4 eps: 1682.93 lat (ms,95%): 2.81
[ 41s ] thds: 4 eps: 1684.77 lat (ms,95%): 2.61
[ 42s ] thds: 4 eps: 1683.22 lat (ms,95%): 2.66
[ 43s ] thds: 4 eps: 1703.03 lat (ms,95%): 2.52
[ 44s ] thds: 4 eps: 1696.07 lat (ms,95%): 2.66
[ 45s ] thds: 4 eps: 1672.94 lat (ms,95%): 2.86
[ 46s ] thds: 4 eps: 1716.05 lat (ms,95%): 2.39
[ 47s ] thds: 4 eps: 1684.00 lat (ms,95%): 2.81
[ 48s ] thds: 4 eps: 1681.97 lat (ms,95%): 2.81
[ 49s ] thds: 4 eps: 1696.96 lat (ms,95%): 2.66
[ 50s ] thds: 4 eps: 1688.68 lat (ms,95%): 2.81
[ 51s ] thds: 4 eps: 1690.35 lat (ms,95%): 2.71
[ 52s ] thds: 4 eps: 1713.04 lat (ms,95%): 2.39
[ 53s ] thds: 4 eps: 1717.91 lat (ms,95%): 2.35
[ 54s ] thds: 4 eps: 1713.10 lat (ms,95%): 2.39
[ 55s ] thds: 4 eps: 1706.98 lat (ms,95%): 2.39
[ 56s ] thds: 4 eps: 1665.00 lat (ms,95%): 2.97
[ 57s ] thds: 4 eps: 1714.97 lat (ms,95%): 2.35
[ 58s ] thds: 4 eps: 1689.03 lat (ms,95%): 2.81
[ 59s ] thds: 4 eps: 1700.02 lat (ms,95%): 2.57
[ 60s ] thds: 4 eps: 1692.92 lat (ms,95%): 2.66
CPU speed:
    events per second:  1685.10

General statistics:
    total time:                          60.0040s
    total number of events:              101115

Latency (ms):
         min:                                    0.00
         avg:                                    2.37
         max:                                   18.34
         95th percentile:                        2.71
         sum:                               239762.46

Threads fairness:
    events (avg/stddev):           25278.7500/28.10
    execution time (avg/stddev):   59.9406/0.01

