sysbench 1.0.14 (using bundled LuaJIT 2.1.0-beta2)

Running the test with following options:
Number of threads: 4
Report intermediate results every 1 second(s)
Initializing random number generator from current time


Prime numbers limit: 20000

Initializing worker threads...

Threads started!

[ 1s ] thds: 4 eps: 1589.70 lat (ms,95%): 2.81
[ 2s ] thds: 4 eps: 1691.50 lat (ms,95%): 2.66
[ 3s ] thds: 4 eps: 1693.13 lat (ms,95%): 2.52
[ 4s ] thds: 4 eps: 1680.03 lat (ms,95%): 2.71
[ 5s ] thds: 4 eps: 1667.92 lat (ms,95%): 2.76
[ 6s ] thds: 4 eps: 1673.22 lat (ms,95%): 2.76
[ 7s ] thds: 4 eps: 1671.80 lat (ms,95%): 2.71
[ 8s ] thds: 4 eps: 1661.18 lat (ms,95%): 2.76
[ 9s ] thds: 4 eps: 1635.87 lat (ms,95%): 3.07
[ 10s ] thds: 4 eps: 1657.78 lat (ms,95%): 2.81
[ 11s ] thds: 4 eps: 1664.23 lat (ms,95%): 2.81
[ 12s ] thds: 4 eps: 1671.92 lat (ms,95%): 2.76
[ 13s ] thds: 4 eps: 1672.16 lat (ms,95%): 2.76
[ 14s ] thds: 4 eps: 1686.01 lat (ms,95%): 2.61
[ 15s ] thds: 4 eps: 1572.02 lat (ms,95%): 3.25
[ 16s ] thds: 4 eps: 1045.99 lat (ms,95%): 14.21
[ 17s ] thds: 4 eps: 871.01 lat (ms,95%): 14.46
[ 18s ] thds: 4 eps: 889.84 lat (ms,95%): 14.46
[ 19s ] thds: 4 eps: 848.08 lat (ms,95%): 14.46
[ 20s ] thds: 4 eps: 808.80 lat (ms,95%): 14.46
[ 21s ] thds: 4 eps: 738.95 lat (ms,95%): 14.46
[ 22s ] thds: 4 eps: 709.02 lat (ms,95%): 18.28
[ 23s ] thds: 4 eps: 810.41 lat (ms,95%): 14.73
[ 24s ] thds: 4 eps: 894.61 lat (ms,95%): 14.46
[ 25s ] thds: 4 eps: 847.00 lat (ms,95%): 14.46
[ 26s ] thds: 4 eps: 793.01 lat (ms,95%): 14.46
[ 27s ] thds: 4 eps: 816.01 lat (ms,95%): 15.83
[ 28s ] thds: 4 eps: 819.00 lat (ms,95%): 14.46
[ 29s ] thds: 4 eps: 760.99 lat (ms,95%): 14.46
[ 30s ] thds: 4 eps: 857.02 lat (ms,95%): 14.46
[ 31s ] thds: 4 eps: 759.00 lat (ms,95%): 14.46
[ 32s ] thds: 4 eps: 847.83 lat (ms,95%): 14.46
[ 33s ] thds: 4 eps: 832.82 lat (ms,95%): 14.46
[ 34s ] thds: 4 eps: 761.06 lat (ms,95%): 14.73
[ 35s ] thds: 4 eps: 810.77 lat (ms,95%): 14.46
[ 36s ] thds: 4 eps: 702.52 lat (ms,95%): 17.95
[ 37s ] thds: 4 eps: 779.00 lat (ms,95%): 14.46
[ 38s ] thds: 4 eps: 734.07 lat (ms,95%): 14.46
[ 39s ] thds: 4 eps: 820.45 lat (ms,95%): 14.46
[ 40s ] thds: 4 eps: 837.59 lat (ms,95%): 14.46
[ 41s ] thds: 4 eps: 739.17 lat (ms,95%): 14.46
[ 42s ] thds: 4 eps: 728.56 lat (ms,95%): 14.46
[ 43s ] thds: 4 eps: 836.52 lat (ms,95%): 14.46
[ 44s ] thds: 4 eps: 965.01 lat (ms,95%): 14.46
[ 45s ] thds: 4 eps: 856.95 lat (ms,95%): 14.46
[ 46s ] thds: 4 eps: 895.99 lat (ms,95%): 14.46
[ 47s ] thds: 4 eps: 860.89 lat (ms,95%): 14.46
[ 48s ] thds: 4 eps: 809.44 lat (ms,95%): 14.46
[ 49s ] thds: 4 eps: 756.86 lat (ms,95%): 17.01
[ 50s ] thds: 4 eps: 923.49 lat (ms,95%): 14.46
[ 51s ] thds: 4 eps: 904.07 lat (ms,95%): 14.46
[ 52s ] thds: 4 eps: 851.87 lat (ms,95%): 14.46
[ 53s ] thds: 4 eps: 823.09 lat (ms,95%): 14.46
[ 54s ] thds: 4 eps: 766.04 lat (ms,95%): 14.46
[ 55s ] thds: 4 eps: 865.25 lat (ms,95%): 14.46
[ 56s ] thds: 4 eps: 923.14 lat (ms,95%): 14.21
[ 57s ] thds: 4 eps: 701.22 lat (ms,95%): 18.28
[ 58s ] thds: 4 eps: 850.02 lat (ms,95%): 14.46
[ 59s ] thds: 4 eps: 785.07 lat (ms,95%): 14.46
CPU speed:
    events per second:  1033.90

General statistics:
    total time:                          60.0071s
    total number of events:              62043

Latency (ms):
         min:                                    0.00
         avg:                                    3.86
         max:                                   38.34
         95th percentile:                       14.46
         sum:                               239770.31

Threads fairness:
    events (avg/stddev):           15510.7500/115.01
    execution time (avg/stddev):   59.9426/0.02

sysbench 1.0.14 (using bundled LuaJIT 2.1.0-beta2)

Running the test with following options:
Number of threads: 4
Report intermediate results every 1 second(s)
Initializing random number generator from current time


Prime numbers limit: 20000

Initializing worker threads...

Threads started!

[ 1s ] thds: 4 eps: 1656.31 lat (ms,95%): 2.76
[ 2s ] thds: 4 eps: 1692.42 lat (ms,95%): 2.66
[ 3s ] thds: 4 eps: 1670.04 lat (ms,95%): 2.81
[ 4s ] thds: 4 eps: 1692.01 lat (ms,95%): 2.52
[ 5s ] thds: 4 eps: 1696.93 lat (ms,95%): 2.48
[ 6s ] thds: 4 eps: 1699.07 lat (ms,95%): 2.66
[ 7s ] thds: 4 eps: 1713.98 lat (ms,95%): 2.35
[ 8s ] thds: 4 eps: 1711.02 lat (ms,95%): 2.39
[ 9s ] thds: 4 eps: 1679.36 lat (ms,95%): 2.76
[ 10s ] thds: 4 eps: 1701.64 lat (ms,95%): 2.48
[ 11s ] thds: 4 eps: 1668.93 lat (ms,95%): 3.07
[ 12s ] thds: 4 eps: 1666.04 lat (ms,95%): 2.81
[ 13s ] thds: 4 eps: 1692.95 lat (ms,95%): 2.57
[ 14s ] thds: 4 eps: 1709.01 lat (ms,95%): 2.39
[ 15s ] thds: 4 eps: 1570.03 lat (ms,95%): 3.19
[ 16s ] thds: 4 eps: 848.85 lat (ms,95%): 14.46
[ 17s ] thds: 4 eps: 908.55 lat (ms,95%): 14.46
[ 18s ] thds: 4 eps: 750.20 lat (ms,95%): 14.46
[ 19s ] thds: 4 eps: 884.92 lat (ms,95%): 14.46
[ 20s ] thds: 4 eps: 873.99 lat (ms,95%): 14.46
[ 21s ] thds: 4 eps: 759.08 lat (ms,95%): 14.46
[ 22s ] thds: 4 eps: 851.74 lat (ms,95%): 14.46
[ 23s ] thds: 4 eps: 787.27 lat (ms,95%): 14.73
[ 24s ] thds: 4 eps: 826.84 lat (ms,95%): 14.46
[ 25s ] thds: 4 eps: 882.00 lat (ms,95%): 14.21
[ 26s ] thds: 4 eps: 849.03 lat (ms,95%): 14.46
[ 27s ] thds: 4 eps: 862.11 lat (ms,95%): 14.46
[ 28s ] thds: 4 eps: 1012.29 lat (ms,95%): 14.21
[ 29s ] thds: 4 eps: 759.90 lat (ms,95%): 14.46
[ 30s ] thds: 4 eps: 749.13 lat (ms,95%): 14.46
[ 31s ] thds: 4 eps: 764.80 lat (ms,95%): 14.46
[ 32s ] thds: 4 eps: 815.08 lat (ms,95%): 14.46
[ 33s ] thds: 4 eps: 898.60 lat (ms,95%): 14.46
[ 34s ] thds: 4 eps: 750.98 lat (ms,95%): 14.46
[ 35s ] thds: 4 eps: 790.05 lat (ms,95%): 14.46
[ 36s ] thds: 4 eps: 728.01 lat (ms,95%): 14.73
[ 37s ] thds: 4 eps: 755.95 lat (ms,95%): 14.46
[ 38s ] thds: 4 eps: 772.97 lat (ms,95%): 14.46
[ 39s ] thds: 4 eps: 775.08 lat (ms,95%): 14.46
[ 40s ] thds: 4 eps: 837.97 lat (ms,95%): 14.46
[ 41s ] thds: 4 eps: 736.97 lat (ms,95%): 14.46
[ 42s ] thds: 4 eps: 758.91 lat (ms,95%): 14.46
[ 43s ] thds: 4 eps: 799.99 lat (ms,95%): 14.46
[ 44s ] thds: 4 eps: 863.98 lat (ms,95%): 14.46
[ 45s ] thds: 4 eps: 866.06 lat (ms,95%): 14.46
[ 46s ] thds: 4 eps: 762.00 lat (ms,95%): 14.46
[ 47s ] thds: 4 eps: 752.15 lat (ms,95%): 14.46
[ 48s ] thds: 4 eps: 742.93 lat (ms,95%): 14.46
[ 49s ] thds: 4 eps: 831.11 lat (ms,95%): 14.46
[ 50s ] thds: 4 eps: 885.04 lat (ms,95%): 14.46
[ 51s ] thds: 4 eps: 795.00 lat (ms,95%): 14.46
[ 52s ] thds: 4 eps: 850.77 lat (ms,95%): 14.46
[ 53s ] thds: 4 eps: 780.81 lat (ms,95%): 14.46
[ 54s ] thds: 4 eps: 749.29 lat (ms,95%): 16.12
[ 55s ] thds: 4 eps: 721.02 lat (ms,95%): 18.28
[ 56s ] thds: 4 eps: 764.98 lat (ms,95%): 14.46
[ 57s ] thds: 4 eps: 754.96 lat (ms,95%): 14.46
[ 58s ] thds: 4 eps: 723.91 lat (ms,95%): 16.12
[ 59s ] thds: 4 eps: 714.57 lat (ms,95%): 18.28
[ 60s ] thds: 2 eps: 847.99 lat (ms,95%): 14.46
CPU speed:
    events per second:  1023.78

General statistics:
    total time:                          60.0086s
    total number of events:              61437

Latency (ms):
         min:                                    0.00
         avg:                                    3.90
         max:                                   38.35
         95th percentile:                       14.46
         sum:                               239766.74

Threads fairness:
    events (avg/stddev):           15359.2500/176.63
    execution time (avg/stddev):   59.9417/0.01

sysbench 1.0.14 (using bundled LuaJIT 2.1.0-beta2)

Running the test with following options:
Number of threads: 4
Report intermediate results every 1 second(s)
Initializing random number generator from current time


Prime numbers limit: 20000

Initializing worker threads...

Threads started!

[ 1s ] thds: 4 eps: 1679.37 lat (ms,95%): 2.39
[ 2s ] thds: 4 eps: 1706.08 lat (ms,95%): 2.52
[ 3s ] thds: 4 eps: 1719.02 lat (ms,95%): 2.35
[ 4s ] thds: 4 eps: 1704.99 lat (ms,95%): 2.43
[ 5s ] thds: 4 eps: 1713.95 lat (ms,95%): 2.39
[ 6s ] thds: 4 eps: 1705.07 lat (ms,95%): 2.43
[ 7s ] thds: 4 eps: 1664.83 lat (ms,95%): 2.76
[ 8s ] thds: 4 eps: 1697.32 lat (ms,95%): 2.52
[ 9s ] thds: 4 eps: 1708.93 lat (ms,95%): 2.39
[ 10s ] thds: 4 eps: 1703.09 lat (ms,95%): 2.52
[ 11s ] thds: 4 eps: 1679.98 lat (ms,95%): 2.66
[ 12s ] thds: 4 eps: 1704.99 lat (ms,95%): 2.48
[ 13s ] thds: 4 eps: 1700.89 lat (ms,95%): 2.48
[ 14s ] thds: 4 eps: 1673.04 lat (ms,95%): 2.81
[ 15s ] thds: 4 eps: 1590.08 lat (ms,95%): 3.13
[ 16s ] thds: 4 eps: 825.81 lat (ms,95%): 14.46
[ 17s ] thds: 4 eps: 753.00 lat (ms,95%): 14.46
[ 18s ] thds: 4 eps: 746.86 lat (ms,95%): 14.46
[ 19s ] thds: 4 eps: 725.29 lat (ms,95%): 15.00
[ 20s ] thds: 4 eps: 836.38 lat (ms,95%): 14.46
[ 21s ] thds: 4 eps: 809.86 lat (ms,95%): 14.46
[ 22s ] thds: 4 eps: 765.10 lat (ms,95%): 14.46
[ 23s ] thds: 4 eps: 714.46 lat (ms,95%): 18.28
[ 24s ] thds: 4 eps: 866.53 lat (ms,95%): 14.46
[ 25s ] thds: 4 eps: 829.00 lat (ms,95%): 14.46
[ 26s ] thds: 4 eps: 792.72 lat (ms,95%): 14.46
[ 27s ] thds: 4 eps: 748.12 lat (ms,95%): 18.28
[ 28s ] thds: 4 eps: 790.69 lat (ms,95%): 14.46
[ 29s ] thds: 4 eps: 736.06 lat (ms,95%): 14.46
[ 30s ] thds: 4 eps: 913.20 lat (ms,95%): 14.46
[ 31s ] thds: 4 eps: 905.97 lat (ms,95%): 14.46
[ 32s ] thds: 4 eps: 819.60 lat (ms,95%): 14.46
[ 33s ] thds: 4 eps: 741.07 lat (ms,95%): 14.73
[ 34s ] thds: 4 eps: 768.72 lat (ms,95%): 14.46
[ 35s ] thds: 4 eps: 754.04 lat (ms,95%): 14.46
[ 36s ] thds: 4 eps: 740.05 lat (ms,95%): 14.46
[ 37s ] thds: 4 eps: 726.87 lat (ms,95%): 14.46
[ 38s ] thds: 4 eps: 755.03 lat (ms,95%): 14.46
[ 39s ] thds: 4 eps: 994.16 lat (ms,95%): 14.21
[ 40s ] thds: 4 eps: 915.04 lat (ms,95%): 14.46
[ 41s ] thds: 4 eps: 856.39 lat (ms,95%): 14.46
[ 42s ] thds: 4 eps: 893.72 lat (ms,95%): 14.46
[ 43s ] thds: 4 eps: 889.04 lat (ms,95%): 14.46
[ 44s ] thds: 4 eps: 897.25 lat (ms,95%): 14.46
[ 45s ] thds: 4 eps: 862.57 lat (ms,95%): 14.21
[ 46s ] thds: 4 eps: 841.04 lat (ms,95%): 14.46
[ 47s ] thds: 4 eps: 810.59 lat (ms,95%): 14.46
[ 48s ] thds: 4 eps: 855.59 lat (ms,95%): 14.46
[ 49s ] thds: 4 eps: 728.90 lat (ms,95%): 14.73
[ 50s ] thds: 4 eps: 740.02 lat (ms,95%): 14.46
[ 51s ] thds: 4 eps: 741.99 lat (ms,95%): 14.73
[ 52s ] thds: 4 eps: 835.99 lat (ms,95%): 14.46
[ 53s ] thds: 4 eps: 841.04 lat (ms,95%): 14.46
[ 54s ] thds: 4 eps: 758.11 lat (ms,95%): 14.46
[ 55s ] thds: 4 eps: 733.00 lat (ms,95%): 14.46
[ 56s ] thds: 4 eps: 864.01 lat (ms,95%): 14.46
[ 57s ] thds: 4 eps: 859.96 lat (ms,95%): 14.46
[ 58s ] thds: 4 eps: 863.04 lat (ms,95%): 14.46
[ 59s ] thds: 4 eps: 871.85 lat (ms,95%): 14.46
[ 60s ] thds: 4 eps: 941.71 lat (ms,95%): 14.46
CPU speed:
    events per second:  1033.47

General statistics:
    total time:                          60.0051s
    total number of events:              62015

Latency (ms):
         min:                                    0.00
         avg:                                    3.87
         max:                                   40.75
         95th percentile:                       14.46
         sum:                               239733.97

Threads fairness:
    events (avg/stddev):           15503.7500/307.86
    execution time (avg/stddev):   59.9335/0.01

